build/app/intermediates/manifest_merge_blame_file/debug/manifest-merger-blame-debug-report.txt
1<?xml version="1.0" encoding="utf-8"?>
2<manifest xmlns:android="http://schemas.android.com/apk/res/android"
3    package="com.example.new_3ala5er"
4    android:versionCode="1"
5    android:versionName="1.0.0" >
6
7    <uses-sdk
8        android:minSdkVersion="19"
9        android:targetSdkVersion="30" />
10    <!--
11         Flutter needs it to communicate with the running application
12         to allow setting breakpoints, to provide hot reload, etc.
13    -->
14    <uses-permission android:name="android.permission.INTERNET" />
14-->src/debug/AndroidManifest.xml:6:5-66
14-->src/debug/AndroidManifest.xml:6:22-64
15    <uses-permission android:name="android.permission.READ_EXTERNAL_STORAGE" />
15-->[:file_picker] AndroidManifest.xml:7:5-80
15-->[:file_picker] AndroidManifest.xml:7:22-77
16
17    <queries>
17-->[:file_picker] AndroidManifest.xml:9:5-15:15
18        <intent>
18-->[:file_picker] AndroidManifest.xml:10:9-14:18
19            <action android:name="android.intent.action.GET_CONTENT" />
19-->[:file_picker] AndroidManifest.xml:11:13-72
19-->[:file_picker] AndroidManifest.xml:11:21-69
20
21            <data android:mimeType="*/*" />
21-->[:file_picker] AndroidManifest.xml:13:13-44
21-->[:file_picker] AndroidManifest.xml:13:19-41
22        </intent>
23    </queries>
24
25    <uses-permission android:name="android.permission.ACCESS_NETWORK_STATE" />
25-->[:huawei_scan] AndroidManifest.xml:9:5-79
25-->[:huawei_scan] AndroidManifest.xml:9:22-76
26    <uses-permission android:name="android.permission.REQUEST_INSTALL_PACKAGES" />
26-->[:open_file] AndroidManifest.xml:8:5-83
26-->[:open_file] AndroidManifest.xml:8:22-80
27    <uses-permission android:name="android.permission.CAMERA" />
27-->[com.huawei.hms:scan:2.8.0.300] AndroidManifest.xml:11:5-65
27-->[com.huawei.hms:scan:2.8.0.300] AndroidManifest.xml:11:22-62
28
29    <application
29-->src/main/AndroidManifest.xml:3:4-40:19
30        android:name="androidx.multidex.MultiDexApplication"
31        android:appComponentFactory="androidx.core.app.CoreComponentFactory"
31-->[androidx.core:core:1.7.0] AndroidManifest.xml:24:18-86
32        android:debuggable="true"
33        android:icon="@mipmap/ic_launcher"
33-->src/main/AndroidManifest.xml:5:9-43
34        android:label="طمني عالسكر" >
34-->src/main/AndroidManifest.xml:4:9-36
35        <activity
35-->src/main/AndroidManifest.xml:6:9-34:20
36            android:name="com.example.new_3ala5er.MainActivity"
36-->src/main/AndroidManifest.xml:7:13-41
37            android:configChanges="orientation|keyboardHidden|keyboard|screenSize|smallestScreenSize|locale|layoutDirection|fontScale|screenLayout|density|uiMode"
37-->src/main/AndroidManifest.xml:10:13-163
38            android:hardwareAccelerated="true"
38-->src/main/AndroidManifest.xml:11:13-47
39            android:launchMode="singleTop"
39-->src/main/AndroidManifest.xml:8:13-43
40            android:theme="@style/LaunchTheme"
40-->src/main/AndroidManifest.xml:9:13-47
41            android:windowSoftInputMode="adjustResize" >
41-->src/main/AndroidManifest.xml:12:13-55
42
43            <!--
44                 Specifies an Android theme to apply to this Activity as soon as
45                 the Android process has started. This theme is visible to the user
46                 while the Flutter UI initializes. After that, this theme continues
47                 to determine the Window background behind the Flutter UI.
48            -->
49            <meta-data
49-->src/main/AndroidManifest.xml:17:13-20:17
50                android:name="io.flutter.embedding.android.NormalTheme"
50-->src/main/AndroidManifest.xml:18:15-70
51                android:resource="@style/NormalTheme" />
51-->src/main/AndroidManifest.xml:19:15-52
52            <!--
53                 Displays an Android View that continues showing the launch screen
54                 Drawable until Flutter paints its first frame, then this splash
55                 screen fades out. A splash screen is useful to avoid any visual
56                 gap between the end of Android's launch screen and the painting of
57                 Flutter's first frame.
58            -->
59            <meta-data
59-->src/main/AndroidManifest.xml:26:13-29:17
60                android:name="io.flutter.embedding.android.SplashScreenDrawable"
60-->src/main/AndroidManifest.xml:27:15-79
61                android:resource="@drawable/launch_background" />
61-->src/main/AndroidManifest.xml:28:15-61
62
63            <intent-filter>
63-->src/main/AndroidManifest.xml:30:13-33:29
64                <action android:name="android.intent.action.MAIN" />
64-->src/main/AndroidManifest.xml:31:17-68
64-->src/main/AndroidManifest.xml:31:25-66
65
66                <category android:name="android.intent.category.LAUNCHER" />
66-->src/main/AndroidManifest.xml:32:17-76
66-->src/main/AndroidManifest.xml:32:27-74
67            </intent-filter>
68        </activity>
69        <!--
70             Don't delete the meta-data below.
71             This is used by the Flutter tool to generate GeneratedPluginRegistrant.java
72        -->
73        <meta-data
73-->src/main/AndroidManifest.xml:37:9-39:33
74            android:name="flutterEmbedding"
74-->src/main/AndroidManifest.xml:38:13-44
75            android:value="2" />
75-->src/main/AndroidManifest.xml:39:13-30
76
77        <service
77-->[:firebase_database] AndroidManifest.xml:8:9-12:19
78            android:name="com.google.firebase.components.ComponentDiscoveryService"
78-->[:firebase_database] AndroidManifest.xml:8:18-89
79            android:directBootAware="true"
79-->[com.google.firebase:firebase-common:20.2.0] AndroidManifest.xml:34:13-43
80            android:exported="false" >
80-->[com.google.firebase:firebase-auth:21.1.0] AndroidManifest.xml:66:13-37
81            <meta-data
81-->[:firebase_database] AndroidManifest.xml:9:13-11:85
82                android:name="com.google.firebase.components:io.flutter.plugins.firebase.database.FlutterFirebaseAppRegistrar"
82-->[:firebase_database] AndroidManifest.xml:10:17-127
83                android:value="com.google.firebase.components.ComponentRegistrar" />
83-->[:firebase_database] AndroidManifest.xml:11:17-82
84            <meta-data
84-->[:cloud_firestore] AndroidManifest.xml:9:13-11:85
85                android:name="com.google.firebase.components:io.flutter.plugins.firebase.firestore.FlutterFirebaseFirestoreRegistrar"
85-->[:cloud_firestore] AndroidManifest.xml:10:17-134
86                android:value="com.google.firebase.components.ComponentRegistrar" />
86-->[:cloud_firestore] AndroidManifest.xml:11:17-82
87            <meta-data
87-->[:firebase_auth] AndroidManifest.xml:9:13-11:85
88                android:name="com.google.firebase.components:io.flutter.plugins.firebase.auth.FlutterFirebaseAuthRegistrar"
88-->[:firebase_auth] AndroidManifest.xml:10:17-124
89                android:value="com.google.firebase.components.ComponentRegistrar" />
89-->[:firebase_auth] AndroidManifest.xml:11:17-82
90            <meta-data
90-->[:firebase_storage] AndroidManifest.xml:9:13-11:85
91                android:name="com.google.firebase.components:io.flutter.plugins.firebase.storage.FlutterFirebaseAppRegistrar"
91-->[:firebase_storage] AndroidManifest.xml:10:17-126
92                android:value="com.google.firebase.components.ComponentRegistrar" />
92-->[:firebase_storage] AndroidManifest.xml:11:17-82
93            <meta-data
93-->[:firebase_core] AndroidManifest.xml:9:13-11:85
94                android:name="com.google.firebase.components:io.flutter.plugins.firebase.core.FlutterFirebaseCoreRegistrar"
94-->[:firebase_core] AndroidManifest.xml:10:17-124
95                android:value="com.google.firebase.components.ComponentRegistrar" />
95-->[:firebase_core] AndroidManifest.xml:11:17-82
96            <meta-data
96-->[com.google.firebase:firebase-auth:21.1.0] AndroidManifest.xml:67:13-69:85
97                android:name="com.google.firebase.components:com.google.firebase.auth.FirebaseAuthRegistrar"
97-->[com.google.firebase:firebase-auth:21.1.0] AndroidManifest.xml:68:17-109
98                android:value="com.google.firebase.components.ComponentRegistrar" />
98-->[com.google.firebase:firebase-auth:21.1.0] AndroidManifest.xml:69:17-82
99            <meta-data
99-->[com.google.firebase:firebase-firestore:24.4.0] AndroidManifest.xml:19:13-21:85
100                android:name="com.google.firebase.components:com.google.firebase.firestore.FirestoreRegistrar"
100-->[com.google.firebase:firebase-firestore:24.4.0] AndroidManifest.xml:20:17-111
101                android:value="com.google.firebase.components.ComponentRegistrar" />
101-->[com.google.firebase:firebase-firestore:24.4.0] AndroidManifest.xml:21:17-82
102            <meta-data
102-->[com.google.firebase:firebase-storage:20.1.0] AndroidManifest.xml:32:13-34:85
103                android:name="com.google.firebase.components:com.google.firebase.storage.StorageRegistrar"
103-->[com.google.firebase:firebase-storage:20.1.0] AndroidManifest.xml:33:17-107
104                android:value="com.google.firebase.components.ComponentRegistrar" />
104-->[com.google.firebase:firebase-storage:20.1.0] AndroidManifest.xml:34:17-82
105            <meta-data
105-->[com.google.firebase:firebase-database:20.1.0] AndroidManifest.xml:31:13-33:85
106                android:name="com.google.firebase.components:com.google.firebase.database.DatabaseRegistrar"
106-->[com.google.firebase:firebase-database:20.1.0] AndroidManifest.xml:32:17-109
107                android:value="com.google.firebase.components.ComponentRegistrar" />
107-->[com.google.firebase:firebase-database:20.1.0] AndroidManifest.xml:33:17-82
108        </service>
109
110        <receiver
110-->[:sms_otp_auto_verify] AndroidManifest.xml:8:9-15:20
111            android:name="com.oohyugi.sms_otp_auto_verify.SmsBroadcastReceiver"
111-->[:sms_otp_auto_verify] AndroidManifest.xml:9:13-80
112            android:exported="true"
112-->[:sms_otp_auto_verify] AndroidManifest.xml:10:13-36
113            android:permission="com.google.android.gms.auth.api.phone.permission.SEND" >
113-->[:sms_otp_auto_verify] AndroidManifest.xml:11:13-87
114            <intent-filter>
114-->[:sms_otp_auto_verify] AndroidManifest.xml:12:13-14:29
115                <action android:name="com.google.android.gms.auth.api.phone.SMS_RETRIEVED" />
115-->[:sms_otp_auto_verify] AndroidManifest.xml:13:17-94
115-->[:sms_otp_auto_verify] AndroidManifest.xml:13:25-91
116            </intent-filter>
117        </receiver>
118
119        <activity
119-->[:huawei_scan] AndroidManifest.xml:12:9-15:74
120            android:name="com.huawei.hms.flutter.scan.customizedview.CustomizedViewActivity"
120-->[:huawei_scan] AndroidManifest.xml:13:13-93
121            android:exported="false"
121-->[:huawei_scan] AndroidManifest.xml:14:13-37
122            android:theme="@android:style/Theme.NoTitleBar.Fullscreen" />
122-->[:huawei_scan] AndroidManifest.xml:15:13-71
123        <activity
123-->[:huawei_scan] AndroidManifest.xml:16:9-18:52
124            android:name="com.huawei.hms.flutter.scan.multiprocessor.MultiProcessorActivity"
124-->[:huawei_scan] AndroidManifest.xml:17:13-93
125            android:screenOrientation="portrait" />
125-->[:huawei_scan] AndroidManifest.xml:18:13-49
126
127        <provider
127-->[:open_file] AndroidManifest.xml:12:9-21:20
128            android:name="com.crazecoder.openfile.FileProvider"
128-->[:open_file] AndroidManifest.xml:13:13-64
129            android:authorities="com.example.new_3ala5er.fileProvider.com.crazecoder.openfile"
129-->[:open_file] AndroidManifest.xml:14:13-88
130            android:exported="false"
130-->[:open_file] AndroidManifest.xml:15:13-37
131            android:grantUriPermissions="true" >
131-->[:open_file] AndroidManifest.xml:16:13-47
132            <meta-data
132-->[:open_file] AndroidManifest.xml:18:13-20:53
133                android:name="android.support.FILE_PROVIDER_PATHS"
133-->[:open_file] AndroidManifest.xml:19:17-67
134                android:resource="@xml/filepaths" />
134-->[:open_file] AndroidManifest.xml:20:17-50
135        </provider>
136
137        <uses-library
137-->[androidx.window:window:1.0.0-beta04] AndroidManifest.xml:25:9-27:40
138            android:name="androidx.window.extensions"
138-->[androidx.window:window:1.0.0-beta04] AndroidManifest.xml:26:13-54
139            android:required="false" />
139-->[androidx.window:window:1.0.0-beta04] AndroidManifest.xml:27:13-37
140        <uses-library
140-->[androidx.window:window:1.0.0-beta04] AndroidManifest.xml:28:9-30:40
141            android:name="androidx.window.sidecar"
141-->[androidx.window:window:1.0.0-beta04] AndroidManifest.xml:29:13-51
142            android:required="false" />
142-->[androidx.window:window:1.0.0-beta04] AndroidManifest.xml:30:13-37
143
144        <activity
144-->[com.google.firebase:firebase-auth:21.1.0] AndroidManifest.xml:27:9-44:20
145            android:name="com.google.firebase.auth.internal.GenericIdpActivity"
145-->[com.google.firebase:firebase-auth:21.1.0] AndroidManifest.xml:28:13-80
146            android:excludeFromRecents="true"
146-->[com.google.firebase:firebase-auth:21.1.0] AndroidManifest.xml:29:13-46
147            android:exported="true"
147-->[com.google.firebase:firebase-auth:21.1.0] AndroidManifest.xml:30:13-36
148            android:launchMode="singleTask"
148-->[com.google.firebase:firebase-auth:21.1.0] AndroidManifest.xml:31:13-44
149            android:theme="@android:style/Theme.Translucent.NoTitleBar" >
149-->[com.google.firebase:firebase-auth:21.1.0] AndroidManifest.xml:32:13-72
150            <intent-filter>
150-->[com.google.firebase:firebase-auth:21.1.0] AndroidManifest.xml:33:13-43:29
151                <action android:name="android.intent.action.VIEW" />
151-->[com.google.firebase:firebase-auth:21.1.0] AndroidManifest.xml:34:17-69
151-->[com.google.firebase:firebase-auth:21.1.0] AndroidManifest.xml:34:25-66
152
153                <category android:name="android.intent.category.DEFAULT" />
153-->[com.google.firebase:firebase-auth:21.1.0] AndroidManifest.xml:36:17-76
153-->[com.google.firebase:firebase-auth:21.1.0] AndroidManifest.xml:36:27-73
154                <category android:name="android.intent.category.BROWSABLE" />
154-->[com.google.firebase:firebase-auth:21.1.0] AndroidManifest.xml:37:17-78
154-->[com.google.firebase:firebase-auth:21.1.0] AndroidManifest.xml:37:27-75
155
156                <data
156-->[:file_picker] AndroidManifest.xml:13:13-44
157                    android:host="firebase.auth"
158                    android:path="/"
159                    android:scheme="genericidp" />
160            </intent-filter>
161        </activity>
162        <activity
162-->[com.google.firebase:firebase-auth:21.1.0] AndroidManifest.xml:45:9-62:20
163            android:name="com.google.firebase.auth.internal.RecaptchaActivity"
163-->[com.google.firebase:firebase-auth:21.1.0] AndroidManifest.xml:46:13-79
164            android:excludeFromRecents="true"
164-->[com.google.firebase:firebase-auth:21.1.0] AndroidManifest.xml:47:13-46
165            android:exported="true"
165-->[com.google.firebase:firebase-auth:21.1.0] AndroidManifest.xml:48:13-36
166            android:launchMode="singleTask"
166-->[com.google.firebase:firebase-auth:21.1.0] AndroidManifest.xml:49:13-44
167            android:theme="@android:style/Theme.Translucent.NoTitleBar" >
167-->[com.google.firebase:firebase-auth:21.1.0] AndroidManifest.xml:50:13-72
168            <intent-filter>
168-->[com.google.firebase:firebase-auth:21.1.0] AndroidManifest.xml:51:13-61:29
169                <action android:name="android.intent.action.VIEW" />
169-->[com.google.firebase:firebase-auth:21.1.0] AndroidManifest.xml:34:17-69
169-->[com.google.firebase:firebase-auth:21.1.0] AndroidManifest.xml:34:25-66
170
171                <category android:name="android.intent.category.DEFAULT" />
171-->[com.google.firebase:firebase-auth:21.1.0] AndroidManifest.xml:36:17-76
171-->[com.google.firebase:firebase-auth:21.1.0] AndroidManifest.xml:36:27-73
172                <category android:name="android.intent.category.BROWSABLE" />
172-->[com.google.firebase:firebase-auth:21.1.0] AndroidManifest.xml:37:17-78
172-->[com.google.firebase:firebase-auth:21.1.0] AndroidManifest.xml:37:27-75
173
174                <data
174-->[:file_picker] AndroidManifest.xml:13:13-44
175                    android:host="firebase.auth"
176                    android:path="/"
177                    android:scheme="recaptcha" />
178            </intent-filter>
179        </activity>
180
181        <provider
181-->[com.google.firebase:firebase-common:20.2.0] AndroidManifest.xml:25:9-30:39
182            android:name="com.google.firebase.provider.FirebaseInitProvider"
182-->[com.google.firebase:firebase-common:20.2.0] AndroidManifest.xml:26:13-77
183            android:authorities="com.example.new_3ala5er.firebaseinitprovider"
183-->[com.google.firebase:firebase-common:20.2.0] AndroidManifest.xml:27:13-72
184            android:directBootAware="true"
184-->[com.google.firebase:firebase-common:20.2.0] AndroidManifest.xml:28:13-43
185            android:exported="false"
185-->[com.google.firebase:firebase-common:20.2.0] AndroidManifest.xml:29:13-37
186            android:initOrder="100" />
186-->[com.google.firebase:firebase-common:20.2.0] AndroidManifest.xml:30:13-36
187
188        <activity
188-->[com.google.android.gms:play-services-auth:20.4.0] AndroidManifest.xml:23:9-27:75
189            android:name="com.google.android.gms.auth.api.signin.internal.SignInHubActivity"
189-->[com.google.android.gms:play-services-auth:20.4.0] AndroidManifest.xml:24:13-93
190            android:excludeFromRecents="true"
190-->[com.google.android.gms:play-services-auth:20.4.0] AndroidManifest.xml:25:13-46
191            android:exported="false"
191-->[com.google.android.gms:play-services-auth:20.4.0] AndroidManifest.xml:26:13-37
192            android:theme="@android:style/Theme.Translucent.NoTitleBar" />
192-->[com.google.android.gms:play-services-auth:20.4.0] AndroidManifest.xml:27:13-72
193        <!--
194            Service handling Google Sign-In user revocation. For apps that do not integrate with
195            Google Sign-In, this service will never be started.
196        -->
197        <service
197-->[com.google.android.gms:play-services-auth:20.4.0] AndroidManifest.xml:33:9-37:51
198            android:name="com.google.android.gms.auth.api.signin.RevocationBoundService"
198-->[com.google.android.gms:play-services-auth:20.4.0] AndroidManifest.xml:34:13-89
199            android:exported="true"
199-->[com.google.android.gms:play-services-auth:20.4.0] AndroidManifest.xml:35:13-36
200            android:permission="com.google.android.gms.auth.api.signin.permission.REVOCATION_NOTIFICATION"
200-->[com.google.android.gms:play-services-auth:20.4.0] AndroidManifest.xml:36:13-107
201            android:visibleToInstantApps="true" />
201-->[com.google.android.gms:play-services-auth:20.4.0] AndroidManifest.xml:37:13-48
202
203        <activity
203-->[com.google.android.gms:play-services-base:18.0.1] AndroidManifest.xml:20:9-22:45
204            android:name="com.google.android.gms.common.api.GoogleApiActivity"
204-->[com.google.android.gms:play-services-base:18.0.1] AndroidManifest.xml:20:19-85
205            android:exported="false"
205-->[com.google.android.gms:play-services-base:18.0.1] AndroidManifest.xml:22:19-43
206            android:theme="@android:style/Theme.Translucent.NoTitleBar" />
206-->[com.google.android.gms:play-services-base:18.0.1] AndroidManifest.xml:21:19-78
207
208        <meta-data
208-->[com.google.android.gms:play-services-basement:18.1.0] AndroidManifest.xml:21:9-23:69
209            android:name="com.google.android.gms.version"
209-->[com.google.android.gms:play-services-basement:18.1.0] AndroidManifest.xml:22:13-58
210            android:value="@integer/google_play_services_version" />
210-->[com.google.android.gms:play-services-basement:18.1.0] AndroidManifest.xml:23:13-66
211        <meta-data
211-->[com.huawei.hms:scan:2.8.0.300] AndroidManifest.xml:14:9-16:40
212            android:name="huawei_module_scankit_local"
212-->[com.huawei.hms:scan:2.8.0.300] AndroidManifest.xml:15:13-55
213            android:value="10320300" />
213-->[com.huawei.hms:scan:2.8.0.300] AndroidManifest.xml:16:13-37
214        <meta-data
214-->[com.huawei.hms:scan:2.8.0.300] AndroidManifest.xml:17:9-19:46
215            android:name="huawei_module_scankit_sdk_version"
215-->[com.huawei.hms:scan:2.8.0.300] AndroidManifest.xml:18:13-61
216            android:value="scan:2.8.0.300" />
216-->[com.huawei.hms:scan:2.8.0.300] AndroidManifest.xml:19:13-43
217        <meta-data
217-->[com.huawei.hms:scan:2.8.0.300] AndroidManifest.xml:20:9-22:46
218            android:name="com.huawei.hms.client.service.name:scan"
218-->[com.huawei.hms:scan:2.8.0.300] AndroidManifest.xml:21:13-67
219            android:value="scan:2.8.0.300" />
219-->[com.huawei.hms:scan:2.8.0.300] AndroidManifest.xml:22:13-43
220        <meta-data
220-->[com.huawei.hms:scan:2.8.0.300] AndroidManifest.xml:23:9-25:33
221            android:name="com.huawei.hms.min_api_level:scan:huawei_module_scankit"
221-->[com.huawei.hms:scan:2.8.0.300] AndroidManifest.xml:24:13-83
222            android:value="1" />
222-->[com.huawei.hms:scan:2.8.0.300] AndroidManifest.xml:25:13-30
223        <meta-data
223-->[com.huawei.hms:scan:2.8.0.300] AndroidManifest.xml:26:9-28:33
224            android:name="com.huawei.hms.min_api_level:scan:hmscore"
224-->[com.huawei.hms:scan:2.8.0.300] AndroidManifest.xml:27:13-69
225            android:value="1" />
225-->[com.huawei.hms:scan:2.8.0.300] AndroidManifest.xml:28:13-30
226
227        <activity
227-->[com.huawei.hms:scan:2.8.0.300] AndroidManifest.xml:30:9-33:20
228            android:name="com.huawei.hms.hmsscankit.ScanKitActivity"
228-->[com.huawei.hms:scan:2.8.0.300] AndroidManifest.xml:31:13-69
229            android:launchMode="singleTask" >
229-->[com.huawei.hms:scan:2.8.0.300] AndroidManifest.xml:32:13-44
230        </activity>
231
232        <meta-data
232-->[com.huawei.hms:ml-computer-ha-inner:2.0.1.300] AndroidManifest.xml:14:9-16:62
233            android:name="com.huawei.hms.client.service.name:ml-computer-ha-inner"
233-->[com.huawei.hms:ml-computer-ha-inner:2.0.1.300] AndroidManifest.xml:15:13-83
234            android:value="ml-computer-ha-inner:2.0.1.300" />
234-->[com.huawei.hms:ml-computer-ha-inner:2.0.1.300] AndroidManifest.xml:16:13-59
235        <meta-data
235-->[com.huawei.hms:dynamic-api:1.0.13.303] AndroidManifest.xml:12:9-14:54
236            android:name="com.huawei.hms.client.service.name:dynamic-api"
236-->[com.huawei.hms:dynamic-api:1.0.13.303] AndroidManifest.xml:13:13-74
237            android:value="dynamic-api:1.0.13.303" />
237-->[com.huawei.hms:dynamic-api:1.0.13.303] AndroidManifest.xml:14:13-51
238        <meta-data
238-->[com.huawei.hms:dynamic-api:1.0.13.303] AndroidManifest.xml:15:9-17:33
239            android:name="com.huawei.hms.min_api_level:dynamic-api:huawei_module_dynamicloader"
239-->[com.huawei.hms:dynamic-api:1.0.13.303] AndroidManifest.xml:16:13-96
240            android:value="2" />
240-->[com.huawei.hms:dynamic-api:1.0.13.303] AndroidManifest.xml:17:13-30
241
242        <provider
242-->[com.huawei.hms:ml-computer-sdkbase-inner:3.2.0.300] AndroidManifest.xml:13:9-16:40
243            android:name="com.huawei.hms.mlsdk.common.provider.MLInitializerProvider"
243-->[com.huawei.hms:ml-computer-sdkbase-inner:3.2.0.300] AndroidManifest.xml:14:13-86
244            android:authorities="com.example.new_3ala5er.MLInitializerProvider"
244-->[com.huawei.hms:ml-computer-sdkbase-inner:3.2.0.300] AndroidManifest.xml:15:13-73
245            android:exported="false" />
245-->[com.huawei.hms:ml-computer-sdkbase-inner:3.2.0.300] AndroidManifest.xml:16:13-37
246        <provider
246-->[com.huawei.agconnect:agconnect-core:1.4.0.300] AndroidManifest.xml:11:9-14:40
247            android:name="com.huawei.agconnect.core.provider.AGConnectInitializeProvider"
247-->[com.huawei.agconnect:agconnect-core:1.4.0.300] AndroidManifest.xml:12:13-90
248            android:authorities="com.example.new_3ala5er.AGCInitializeProvider"
248-->[com.huawei.agconnect:agconnect-core:1.4.0.300] AndroidManifest.xml:13:13-73
249            android:exported="false" />
249-->[com.huawei.agconnect:agconnect-core:1.4.0.300] AndroidManifest.xml:14:13-37
250
251        <service
251-->[com.huawei.agconnect:agconnect-core:1.4.0.300] AndroidManifest.xml:16:9-18:40
252            android:name="com.huawei.agconnect.core.ServiceDiscovery"
252-->[com.huawei.agconnect:agconnect-core:1.4.0.300] AndroidManifest.xml:17:13-70
253            android:exported="false" />
253-->[com.huawei.agconnect:agconnect-core:1.4.0.300] AndroidManifest.xml:18:13-37
254    </application>
255
256</manifest>